<?xml version="1.0" encoding="UTF-8"?>
<!-- Generated by org.testng.reporters.JUnitReportReporter -->
<testsuite hostname="sanjeev-PC" name="pkg1.TC05" tests="1" failures="0" timestamp="14 Jun 2020 09:27:50 GMT" time="59.721" errors="0">
  <testcase name="history" time="59.721" classname="pkg1.TC05"/>
</testsuite> <!-- pkg1.TC05 -->
