<?xml version="1.0" encoding="UTF-8"?>
<!-- Generated by org.testng.reporters.JUnitReportReporter -->
<testsuite hostname="sanjeev-PC" name="pkg1.TC01" tests="1" failures="0" timestamp="11 Jun 2020 06:09:16 GMT" time="40.483" errors="0">
  <testcase name="trending" time="40.483" classname="pkg1.TC01"/>
</testsuite> <!-- pkg1.TC01 -->
