<?xml version="1.0" encoding="UTF-8"?>
<!-- Generated by org.testng.reporters.JUnitReportReporter -->
<testsuite hostname="sanjeev-PC" name="pkg1.TC02" tests="1" failures="0" timestamp="11 Jun 2020 09:39:07 GMT" time="40.153" errors="0">
  <testcase name="sybsceiption" time="40.153" classname="pkg1.TC02"/>
</testsuite> <!-- pkg1.TC02 -->
