<?xml version="1.0" encoding="UTF-8"?>
<!-- Generated by org.testng.reporters.JUnitReportReporter -->
<testsuite hostname="sanjeev-PC" name="pkg1.Class1" tests="1" failures="0" timestamp="9 Jun 2020 08:38:54 GMT" time="0.014" errors="0">
  <testcase name="one" time="0.014" classname="pkg1.Class1"/>
</testsuite> <!-- pkg1.Class1 -->
