<?xml version="1.0" encoding="UTF-8"?>
<!-- Generated by org.testng.reporters.JUnitReportReporter -->
<testsuite hostname="sanjeev-PC" name="pkg1.TC04" tests="1" failures="0" timestamp="11 Jun 2020 10:03:50 GMT" time="37.286" errors="0">
  <testcase name="history" time="37.286" classname="pkg1.TC04"/>
</testsuite> <!-- pkg1.TC04 -->
