<?xml version="1.0" encoding="UTF-8"?>
<!-- Generated by org.testng.reporters.JUnitReportReporter -->
<testsuite hostname="sanjeev-PC" name="pkg1.TC03" tests="1" failures="0" timestamp="11 Jun 2020 09:53:31 GMT" time="42.168" errors="0">
  <testcase name="Library" time="42.168" classname="pkg1.TC03"/>
</testsuite> <!-- pkg1.TC03 -->
